c:\users\liam\desktop\graphics 2 temp\flight sim 21-04-15\gfxiiframework\gfxiiframework\debug\vc120.pdb
c:\users\liam\desktop\graphics 2 temp\flight sim 21-04-15\gfxiiframework\gfxiiframework\debug\vc120.idb
c:\users\liam\desktop\graphics 2 temp\flight sim 21-04-15\gfxiiframework\gfxiiframework\debug\baseapplication.obj
c:\users\liam\desktop\graphics 2 temp\flight sim 21-04-15\gfxiiframework\gfxiiframework\debug\d3d11cube.obj
c:\users\liam\desktop\graphics 2 temp\flight sim 21-04-15\gfxiiframework\gfxiiframework\debug\d3d11mesh.obj
c:\users\liam\desktop\graphics 2 temp\flight sim 21-04-15\gfxiiframework\gfxiiframework\debug\d3d11shader.obj
c:\users\liam\desktop\graphics 2 temp\flight sim 21-04-15\gfxiiframework\gfxiiframework\debug\d3d11texture.obj
c:\users\liam\desktop\graphics 2 temp\flight sim 21-04-15\gfxiiframework\gfxiiframework\debug\d3d11window.obj
c:\users\liam\desktop\graphics 2 temp\flight sim 21-04-15\gfxiiframework\gfxiiframework\debug\gfxiiframework.obj
c:\users\liam\desktop\graphics 2 temp\flight sim 21-04-15\gfxiiframework\gfxiiframework\debug\imageio.obj
c:\users\liam\desktop\graphics 2 temp\flight sim 21-04-15\gfxiiframework\gfxiiframework\debug\inputhandler.obj
c:\users\liam\desktop\graphics 2 temp\flight sim 21-04-15\gfxiiframework\gfxiiframework\debug\objfilereader.obj
c:\users\liam\desktop\graphics 2 temp\flight sim 21-04-15\gfxiiframework\gfxiiframework\debug\oglcube.obj
c:\users\liam\desktop\graphics 2 temp\flight sim 21-04-15\gfxiiframework\gfxiiframework\debug\oglmesh.obj
c:\users\liam\desktop\graphics 2 temp\flight sim 21-04-15\gfxiiframework\gfxiiframework\debug\oglshader.obj
c:\users\liam\desktop\graphics 2 temp\flight sim 21-04-15\gfxiiframework\gfxiiframework\debug\ogltexture.obj
c:\users\liam\desktop\graphics 2 temp\flight sim 21-04-15\gfxiiframework\gfxiiframework\debug\oglwindow.obj
c:\users\liam\desktop\graphics 2 temp\flight sim 21-04-15\gfxiiframework\gfxiiframework\debug\skybox.obj
c:\users\liam\desktop\graphics 2 temp\flight sim 21-04-15\gfxiiframework\gfxiiframework\debug\triangle.obj
c:\users\liam\desktop\graphics 2 temp\flight sim 21-04-15\gfxiiframework\gfxiiframework\debug\vector3.obj
c:\users\liam\desktop\graphics 2 temp\flight sim 21-04-15\gfxiiframework\gfxiiframework\debug\camera.obj
c:\users\liam\desktop\graphics 2 temp\flight sim 21-04-15\gfxiiframework\gfxiiframework\debug\quaternion.obj
c:\users\liam\desktop\graphics 2 temp\flight sim 21-04-15\gfxiiframework\debug\basic_vs.cso
c:\users\liam\desktop\graphics 2 temp\flight sim 21-04-15\gfxiiframework\debug\basic_fs.cso
c:\users\liam\desktop\graphics 2 temp\flight sim 21-04-15\gfxiiframework\debug\gfxiiframework.ilk
c:\users\liam\desktop\graphics 2 temp\flight sim 21-04-15\gfxiiframework\debug\gfxiiframework.exe
c:\users\liam\desktop\graphics 2 temp\flight sim 21-04-15\gfxiiframework\debug\gfxiiframework.pdb
c:\users\liam\desktop\graphics 2 temp\flight sim 21-04-15\gfxiiframework\gfxiiframework\debug\gfxiiframework.res
c:\users\liam\desktop\graphics 2 temp\flight sim 21-04-15\gfxiiframework\gfxiiframework\debug\gfxiiframework.tlog\cl.command.1.tlog
c:\users\liam\desktop\graphics 2 temp\flight sim 21-04-15\gfxiiframework\gfxiiframework\debug\gfxiiframework.tlog\cl.read.1.tlog
c:\users\liam\desktop\graphics 2 temp\flight sim 21-04-15\gfxiiframework\gfxiiframework\debug\gfxiiframework.tlog\cl.write.1.tlog
c:\users\liam\desktop\graphics 2 temp\flight sim 21-04-15\gfxiiframework\gfxiiframework\debug\gfxiiframework.tlog\fxc.command.1.tlog
c:\users\liam\desktop\graphics 2 temp\flight sim 21-04-15\gfxiiframework\gfxiiframework\debug\gfxiiframework.tlog\fxc.read.1.tlog
c:\users\liam\desktop\graphics 2 temp\flight sim 21-04-15\gfxiiframework\gfxiiframework\debug\gfxiiframework.tlog\fxc.write.1.tlog
c:\users\liam\desktop\graphics 2 temp\flight sim 21-04-15\gfxiiframework\gfxiiframework\debug\gfxiiframework.tlog\gfxiiframework.write.1u.tlog
c:\users\liam\desktop\graphics 2 temp\flight sim 21-04-15\gfxiiframework\gfxiiframework\debug\gfxiiframework.tlog\link.command.1.tlog
c:\users\liam\desktop\graphics 2 temp\flight sim 21-04-15\gfxiiframework\gfxiiframework\debug\gfxiiframework.tlog\link.read.1.tlog
c:\users\liam\desktop\graphics 2 temp\flight sim 21-04-15\gfxiiframework\gfxiiframework\debug\gfxiiframework.tlog\link.write.1.tlog
c:\users\liam\desktop\graphics 2 temp\flight sim 21-04-15\gfxiiframework\gfxiiframework\debug\gfxiiframework.tlog\rc.command.1.tlog
c:\users\liam\desktop\graphics 2 temp\flight sim 21-04-15\gfxiiframework\gfxiiframework\debug\gfxiiframework.tlog\rc.read.1.tlog
c:\users\liam\desktop\graphics 2 temp\flight sim 21-04-15\gfxiiframework\gfxiiframework\debug\gfxiiframework.tlog\rc.write.1.tlog
